  main.cpp
D:\MyFile\MyVisualStudioFile\myRenderer\myRenderer\Gobals.h(10,51): warning C4305: “初始化”: 从“double”到“const float”截断
D:\MyFile\MyVisualStudioFile\myRenderer\myRenderer\Model.h(15,69): warning C4244: “初始化”: 从“float”转换到“uint16_t”，可能丢失数据
D:\MyFile\MyVisualStudioFile\myRenderer\myRenderer\Model.h(15,79): warning C4244: “初始化”: 从“float”转换到“uint16_t”，可能丢失数据
D:\MyFile\MyVisualStudioFile\myRenderer\myRenderer\Model.h(153,1): warning C4267: “参数”: 从“size_t”转换到“int”，可能丢失数据
D:\MyFile\MyVisualStudioFile\myRenderer\myRenderer\Model.h(153,23): warning C4244: “=”: 从“size_t”转换到“float”，可能丢失数据
D:\MyFile\MyVisualStudioFile\myRenderer\myRenderer\Model.h(179,1): warning C4267: “=”: 从“size_t”转换到“uint16_t”，可能丢失数据
D:\MyFile\MyVisualStudioFile\myRenderer\myRenderer\Model.h(180,1): warning C4267: “=”: 从“size_t”转换到“uint16_t”，可能丢失数据
D:\MyFile\MyVisualStudioFile\myRenderer\myRenderer\Model.h(201,47): warning C4244: “参数”: 从“double”转换到“float”，可能丢失数据
D:\MyFile\MyVisualStudioFile\myRenderer\myRenderer\Model.h(201,20): warning C4244: “参数”: 从“double”转换到“float”，可能丢失数据
D:\MyFile\MyVisualStudioFile\myRenderer\myRenderer\Model.h(202,50): warning C4244: “参数”: 从“double”转换到“float”，可能丢失数据
D:\MyFile\MyVisualStudioFile\myRenderer\myRenderer\Model.h(202,20): warning C4244: “参数”: 从“double”转换到“float”，可能丢失数据
D:\MyFile\MyVisualStudioFile\myRenderer\myRenderer\Model.h(207,50): warning C4244: “参数”: 从“double”转换到“float”，可能丢失数据
D:\MyFile\MyVisualStudioFile\myRenderer\myRenderer\Model.h(207,23): warning C4244: “参数”: 从“double”转换到“float”，可能丢失数据
D:\MyFile\MyVisualStudioFile\myRenderer\myRenderer\Model.h(208,53): warning C4244: “参数”: 从“double”转换到“float”，可能丢失数据
D:\MyFile\MyVisualStudioFile\myRenderer\myRenderer\Model.h(208,23): warning C4244: “参数”: 从“double”转换到“float”，可能丢失数据
D:\MyFile\MyVisualStudioFile\myRenderer\myRenderer\Model.h(211,53): warning C4244: “参数”: 从“double”转换到“float”，可能丢失数据
D:\MyFile\MyVisualStudioFile\myRenderer\myRenderer\Model.h(211,20): warning C4244: “参数”: 从“double”转换到“float”，可能丢失数据
D:\MyFile\MyVisualStudioFile\myRenderer\myRenderer\Model.h(213,54): warning C4244: “参数”: 从“double”转换到“float”，可能丢失数据
D:\MyFile\MyVisualStudioFile\myRenderer\myRenderer\Model.h(213,17): warning C4244: “参数”: 从“double”转换到“float”，可能丢失数据
D:\MyFile\MyVisualStudioFile\myRenderer\myRenderer\Camera.h(198,21): warning C4244: “初始化”: 从“double”转换到“float”，可能丢失数据
D:\MyFile\MyVisualStudioFile\myRenderer\myRenderer\Texture.h(7,17): warning C4081: 应输入“标识符”；找到“字符串”
D:\MyFile\MyVisualStudioFile\myRenderer\myRenderer\Texture.h(117,21): warning C4018: “<”: 有符号/无符号不匹配
D:\MyFile\MyVisualStudioFile\myRenderer\myRenderer\Texture.h(126,44): warning C4244: “参数”: 从“int”转换到“float”，可能丢失数据
D:\MyFile\MyVisualStudioFile\myRenderer\myRenderer\Texture.h(126,41): warning C4244: “参数”: 从“int”转换到“float”，可能丢失数据
D:\MyFile\MyVisualStudioFile\myRenderer\myRenderer\Texture.h(126,38): warning C4244: “参数”: 从“int”转换到“float”，可能丢失数据
D:\MyFile\MyVisualStudioFile\myRenderer\myRenderer\Texture.h(135,12): warning C4244: “初始化”: 从“float”转换到“int”，可能丢失数据
D:\MyFile\MyVisualStudioFile\myRenderer\myRenderer\Texture.h(136,12): warning C4244: “初始化”: 从“float”转换到“int”，可能丢失数据
D:\MyFile\MyVisualStudioFile\myRenderer\myRenderer\Texture.h(143,47): warning C4244: “参数”: 从“float”转换到“int”，可能丢失数据
D:\MyFile\MyVisualStudioFile\myRenderer\myRenderer\Texture.h(143,27): warning C4244: “参数”: 从“float”转换到“int”，可能丢失数据
D:\MyFile\MyVisualStudioFile\myRenderer\myRenderer\Texture.h(149,13): warning C4244: “初始化”: 从“float”转换到“int”，可能丢失数据
D:\MyFile\MyVisualStudioFile\myRenderer\myRenderer\Texture.h(150,13): warning C4244: “初始化”: 从“float”转换到“int”，可能丢失数据
D:\MyFile\MyVisualStudioFile\myRenderer\myRenderer\Texture.h(160,47): warning C4244: “参数”: 从“float”转换到“int”，可能丢失数据
D:\MyFile\MyVisualStudioFile\myRenderer\myRenderer\Texture.h(160,27): warning C4244: “参数”: 从“float”转换到“int”，可能丢失数据
D:\MyFile\MyVisualStudioFile\myRenderer\myRenderer\Shader.h(231,29): warning C4018: “<”: 有符号/无符号不匹配
D:\MyFile\MyVisualStudioFile\myRenderer\myRenderer\Shader.h(249,29): warning C4018: “<”: 有符号/无符号不匹配
D:\MyFile\MyVisualStudioFile\myRenderer\myRenderer\Shader.h(283,28): warning C4018: “<”: 有符号/无符号不匹配
D:\MyFile\MyVisualStudioFile\myRenderer\myRenderer\Shader.h(374,28): warning C4018: “<”: 有符号/无符号不匹配
D:\MyFile\MyVisualStudioFile\myRenderer\myRenderer\Shader.h(390,28): warning C4018: “<”: 有符号/无符号不匹配
D:\MyFile\MyVisualStudioFile\myRenderer\myRenderer\Shader.h(630,1): warning C4267: “初始化”: 从“size_t”转换到“int”，可能丢失数据
D:\MyFile\MyVisualStudioFile\myRenderer\myRenderer\Shader.h(631,26): warning C4018: “<”: 有符号/无符号不匹配
D:\MyFile\MyVisualStudioFile\myRenderer\myRenderer\Shader.h(714,1): warning C4267: “初始化”: 从“size_t”转换到“int”，可能丢失数据
D:\MyFile\MyVisualStudioFile\myRenderer\myRenderer\Shader.h(756,42): warning C4244: “参数”: 从“uint32_t”转换到“float”，可能丢失数据
D:\MyFile\MyVisualStudioFile\myRenderer\myRenderer\Shader.h(756,39): warning C4244: “参数”: 从“uint32_t”转换到“float”，可能丢失数据
D:\MyFile\MyVisualStudioFile\myRenderer\myRenderer\Shader.h(981,14): warning C4244: “初始化”: 从“const float”转换到“int”，可能丢失数据
D:\MyFile\MyVisualStudioFile\myRenderer\myRenderer\Shader.h(996,57): warning C4244: “参数”: 从“int”转换到“float”，可能丢失数据
D:\MyFile\MyVisualStudioFile\myRenderer\myRenderer\Shader.h(1057,14): warning C4244: “初始化”: 从“const float”转换到“int”，可能丢失数据
D:\MyFile\MyVisualStudioFile\myRenderer\myRenderer\Shader.h(1073,57): warning C4244: “参数”: 从“int”转换到“float”，可能丢失数据
D:\MyFile\MyVisualStudioFile\myRenderer\myRenderer\Shader.h(1162,13): warning C4244: “初始化”: 从“float”转换到“int”，可能丢失数据
D:\MyFile\MyVisualStudioFile\myRenderer\myRenderer\Shader.h(1212,13): warning C4244: “初始化”: 从“const float”转换到“int”，可能丢失数据
D:\MyFile\MyVisualStudioFile\myRenderer\myRenderer\Shader.h(1216,14): warning C4244: “初始化”: 从“float”转换到“int”，可能丢失数据
D:\MyFile\MyVisualStudioFile\myRenderer\myRenderer\Shader.h(1231,13): warning C4244: “初始化”: 从“const float”转换到“int”，可能丢失数据
D:\MyFile\MyVisualStudioFile\myRenderer\myRenderer\Shader.h(1235,14): warning C4244: “初始化”: 从“float”转换到“int”，可能丢失数据
D:\MyFile\MyVisualStudioFile\myRenderer\myRenderer\Shadow.h(44,1): warning C4267: “初始化”: 从“size_t”转换到“int”，可能丢失数据
D:\MyFile\MyVisualStudioFile\myRenderer\myRenderer\Shadow.h(108,1): warning C4267: “初始化”: 从“size_t”转换到“int”，可能丢失数据
D:\MyFile\MyVisualStudioFile\myRenderer\myRenderer\Skybox.h(12,1): warning C4267: “初始化”: 从“size_t”转换到“int”，可能丢失数据
D:\MyFile\MyVisualStudioFile\myRenderer\myRenderer\Skybox.h(13,26): warning C4018: “<”: 有符号/无符号不匹配
  myRenderer.vcxproj -> D:\MyFile\MyVisualStudioFile\myRenderer\x64\Debug\myRenderer.exe
